<?xml version="1.0" encoding="UTF-8"?>
<!-- Generated by org.testng.reporters.JUnitXMLReporter -->
<testsuite hostname="DESKTOP-0TTL98T" ignored="2" name="Testing Various testCases / features" tests="5" failures="0" timestamp="19 Dec 2020 17:00:25 GMT" time="156.884" errors="0">
  <testcase name="verifyLogin" time="9.017" classname="testcases.TC002VerifyLogin"/>
  <testcase name="verifyAddPayee" time="6.414" classname="testcases.TC004AddNewPayee"/>
  <testcase name="verifyAddPayee" time="6.621" classname="testcases.TC004AddNewPayee"/>
  <testcase name="PaymentTransfer" time="9.325" classname="testcases.TC005VerifyFundsTransfer"/>
  <testcase name="PaymentTransfer" time="6.604" classname="testcases.TC005VerifyFundsTransfer"/>
  <testcase name="@AfterSuite tearDown" time="0.0" classname="base.BaseClass">
    <ignored/>
  </testcase> <!-- @AfterSuite tearDown -->
  <testcase name="@BeforeSuite init" time="0.0" classname="base.BaseClass">
    <ignored/>
  </testcase> <!-- @BeforeSuite init -->
</testsuite> <!-- Testing Various testCases / features -->
