<?xml version="1.0" encoding="UTF-8"?>
<!-- Generated by org.testng.reporters.JUnitXMLReporter -->
<testsuite hostname="DESKTOP-0TTL98T" ignored="2" name="Testing Various testCases / features" tests="5" failures="0" timestamp="19 Dec 2020 14:01:12 GMT" time="98.7" errors="0">
  <testcase name="verifyLogin" time="7.505" classname="testcases.TC002VerifyLogin"/>
  <testcase name="verifyAddPayee" time="4.957" classname="testcases.TC004AddNewPayee"/>
  <testcase name="verifyAddPayee" time="9.432" classname="testcases.TC004AddNewPayee"/>
  <testcase name="PaymentTransfer" time="4.563" classname="testcases.TC005VerifyFundsTransfer"/>
  <testcase name="PaymentTransfer" time="4.348" classname="testcases.TC005VerifyFundsTransfer"/>
  <testcase name="@AfterSuite tearDown" time="0.0" classname="base.BaseClass">
    <ignored/>
  </testcase> <!-- @AfterSuite tearDown -->
  <testcase name="@BeforeSuite init" time="0.0" classname="base.BaseClass">
    <ignored/>
  </testcase> <!-- @BeforeSuite init -->
</testsuite> <!-- Testing Various testCases / features -->
